  grid.cpp
C:\Users\Kek\Desktop\xd\gwk_labirynt\object.h(55,1): warning C4305: "inicjowanie": obcięcie z "double" do "const float"
C:\Users\Kek\Desktop\xd\gwk_labirynt\object.h(68,1): warning C4305: "inicjowanie": obcięcie z "double" do "const float"
C:\Users\Kek\Desktop\xd\gwk_labirynt\grid.cpp(147,20): warning C4018: "<": niezgodność typu ze znakiem/bez znaku
  main_file.cpp
C:\Users\Kek\Desktop\xd\gwk_labirynt\object.h(55,1): warning C4305: "inicjowanie": obcięcie z "double" do "const float"
C:\Users\Kek\Desktop\xd\gwk_labirynt\object.h(68,1): warning C4305: "inicjowanie": obcięcie z "double" do "const float"
C:\Users\Kek\Desktop\xd\gwk_labirynt\main_file.cpp(66,18): warning C4244: "inicjowanie": konwersja z "double" do "float", możliwa utrata danych
C:\Users\Kek\Desktop\xd\gwk_labirynt\main_file.cpp(68,18): warning C4244: "inicjowanie": konwersja z "double" do "float", możliwa utrata danych
C:\Users\Kek\Desktop\xd\gwk_labirynt\main_file.cpp(70,15): warning C4244: "inicjowanie": konwersja z "double" do "float", możliwa utrata danych
C:\Users\Kek\Desktop\xd\gwk_labirynt\main_file.cpp(79,18): warning C4244: "inicjowanie": konwersja z "double" do "float", możliwa utrata danych
C:\Users\Kek\Desktop\xd\gwk_labirynt\main_file.cpp(81,18): warning C4244: "inicjowanie": konwersja z "double" do "float", możliwa utrata danych
C:\Users\Kek\Desktop\xd\gwk_labirynt\main_file.cpp(83,15): warning C4244: "inicjowanie": konwersja z "double" do "float", możliwa utrata danych
C:\Users\Kek\Desktop\xd\gwk_labirynt\main_file.cpp(84,36): warning C4244: "=": konwersja z "double" do "T", możliwa utrata danych
          with
          [
              T=float
          ]
C:\Users\Kek\Desktop\xd\gwk_labirynt\main_file.cpp(164,23): warning C4018: "<": niezgodność typu ze znakiem/bez znaku
C:\Users\Kek\Desktop\xd\gwk_labirynt\main_file.cpp(252,31): warning C4305: "argument": obcięcie z "double" do "GLclampf"
C:\Users\Kek\Desktop\xd\gwk_labirynt\main_file.cpp(341,35): warning C4244: "+=": konwersja z "double" do "float", możliwa utrata danych
  Generowanie kodu...
  pl_szkielet_02_win.vcxproj -> C:\Users\Kek\Desktop\xd\gwk_labirynt\Debug\pl_szkielet_02_win.exe
