c:\users\kek\desktop\xd\gwk_labirynt\debug\vc142.pdb
c:\users\kek\desktop\xd\gwk_labirynt\debug\vc142.idb
c:\users\kek\desktop\xd\gwk_labirynt\debug\torus.obj
c:\users\kek\desktop\xd\gwk_labirynt\debug\teapot.obj
c:\users\kek\desktop\xd\gwk_labirynt\debug\sphere.obj
c:\users\kek\desktop\xd\gwk_labirynt\debug\shaderprogram.obj
c:\users\kek\desktop\xd\gwk_labirynt\debug\object.obj
c:\users\kek\desktop\xd\gwk_labirynt\debug\model.obj
c:\users\kek\desktop\xd\gwk_labirynt\debug\main_file.obj
c:\users\kek\desktop\xd\gwk_labirynt\debug\lodepng.obj
c:\users\kek\desktop\xd\gwk_labirynt\debug\grid.obj
c:\users\kek\desktop\xd\gwk_labirynt\debug\cube.obj
c:\users\kek\desktop\xd\gwk_labirynt\debug\pl_szkielet_02_win.exe
c:\users\kek\desktop\xd\gwk_labirynt\debug\pl_szkielet_02_win.ilk
c:\users\kek\desktop\xd\gwk_labirynt\debug\pl_szkielet_02_win.pdb
c:\users\kek\desktop\xd\gwk_labirynt\debug\pl_szkie.7288c82c.tlog\cl.command.1.tlog
c:\users\kek\desktop\xd\gwk_labirynt\debug\pl_szkie.7288c82c.tlog\cl.read.1.tlog
c:\users\kek\desktop\xd\gwk_labirynt\debug\pl_szkie.7288c82c.tlog\cl.write.1.tlog
c:\users\kek\desktop\xd\gwk_labirynt\debug\pl_szkie.7288c82c.tlog\link.command.1.tlog
c:\users\kek\desktop\xd\gwk_labirynt\debug\pl_szkie.7288c82c.tlog\link.read.1.tlog
c:\users\kek\desktop\xd\gwk_labirynt\debug\pl_szkie.7288c82c.tlog\link.write.1.tlog
